<?xml version="1.0" encoding="UTF-8"?>
<robot generator="Robot 7.0 (Python 3.12.1 on win32)" generated="2024-01-29T10:37:44.954613" rpa="false" schemaversion="5">
<suite id="s1" name="Quiz-Robot-FW" source="D:\YedToodYedYed\Quiz-Robot-FW">
<suite id="s1-s1" name="Tests" source="D:\YedToodYedYed\Quiz-Robot-FW\tests">
<suite id="s1-s1-s1" name="Shop Cart Test" source="D:\YedToodYedYed\Quiz-Robot-FW\tests\shop_cart_test.robot">
<kw name="Open Browser" owner="SeleniumLibrary" type="SETUP">
<msg time="2024-01-29T10:37:45.096610" level="INFO">Opening browser 'chrome' to base url 'http://automationexercise.com'.</msg>
<arg>http://automationexercise.com</arg>
<arg>chrome</arg>
<doc>Opens a new browser instance to the optional ``url``.</doc>
<status status="PASS" start="2024-01-29T10:37:45.096610" elapsed="5.093124"/>
</kw>
<test id="s1-s1-s1-t1" name="Test Ecommerce Website" line="13">
<kw name="Go To" owner="SeleniumLibrary">
<msg time="2024-01-29T10:37:50.191735" level="INFO">Opening url 'http://automationexercise.com'</msg>
<arg>http://automationexercise.com</arg>
<doc>Navigates the current browser window to the provided ``url``.</doc>
<status status="PASS" start="2024-01-29T10:37:50.191735" elapsed="2.913224"/>
</kw>
<kw name="Click Element" owner="SeleniumLibrary">
<msg time="2024-01-29T10:37:53.105959" level="INFO">Clicking element 'css=.card_travel'.</msg>
<arg>css=.card_travel</arg>
<doc>Click the element identified by ``locator``.</doc>
<status status="PASS" start="2024-01-29T10:37:53.104959" elapsed="0.051000"/>
</kw>
<kw name="Wait Until Page Contains" owner="SeleniumLibrary">
<arg>All Products</arg>
<doc>Waits until ``text`` appears on the current page.</doc>
<status status="PASS" start="2024-01-29T10:37:53.156958" elapsed="5.877557"/>
</kw>
<kw name="Page Should Contain" owner="SeleniumLibrary">
<msg time="2024-01-29T10:37:59.042515" level="INFO">Current page contains text 'All Products'.</msg>
<arg>All Products</arg>
<doc>Verifies that current page contains ``text``.</doc>
<status status="PASS" start="2024-01-29T10:37:59.035515" elapsed="0.007000"/>
</kw>
<kw name="Input Text" owner="SeleniumLibrary">
<msg time="2024-01-29T10:37:59.043515" level="INFO">Typing text 'Top' into text field 'id=search_product'.</msg>
<arg>id=search_product</arg>
<arg>${PRODUCT_NAME}</arg>
<doc>Types the given ``text`` into the text field identified by ``locator``.</doc>
<status status="PASS" start="2024-01-29T10:37:59.043515" elapsed="0.119000"/>
</kw>
<kw name="Click Button" owner="SeleniumLibrary">
<msg time="2024-01-29T10:37:59.162515" level="INFO">Clicking button 'id=submit_search'.</msg>
<arg>id=submit_search</arg>
<doc>Clicks the button identified by ``locator``.</doc>
<status status="PASS" start="2024-01-29T10:37:59.162515" elapsed="2.454184"/>
</kw>
<kw name="Page Should Contain" owner="SeleniumLibrary">
<msg time="2024-01-29T10:38:01.628699" level="INFO">Current page contains text 'Searched Products'.</msg>
<arg>Searched Products</arg>
<doc>Verifies that current page contains ``text``.</doc>
<status status="PASS" start="2024-01-29T10:38:01.617699" elapsed="0.011999"/>
</kw>
<kw name="Click Element" owner="SeleniumLibrary">
<msg time="2024-01-29T10:38:01.630699" level="INFO">Clicking element 'css=a[data-product-id='1']'.</msg>
<arg>css=a[data-product-id='${PRODUCT_ID}']</arg>
<doc>Click the element identified by ``locator``.</doc>
<status status="PASS" start="2024-01-29T10:38:01.629698" elapsed="0.034001"/>
</kw>
<kw name="Page Should Contain" owner="SeleniumLibrary">
<msg time="2024-01-29T10:38:01.674699" level="INFO">Current page contains text 'Top'.</msg>
<arg>${PRODUCT_NAME}</arg>
<doc>Verifies that current page contains ``text``.</doc>
<status status="PASS" start="2024-01-29T10:38:01.664703" elapsed="0.011000"/>
</kw>
<kw name="Click Element" owner="SeleniumLibrary">
<msg time="2024-01-29T10:38:01.675703" level="INFO">Clicking element 'id=menu-item-signup-login'.</msg>
<msg time="2024-01-29T10:38:01.805698" level="INFO" html="true">&lt;/td&gt;&lt;/tr&gt;&lt;tr&gt;&lt;td colspan="3"&gt;&lt;a href="selenium-screenshot-10.png"&gt;&lt;img src="selenium-screenshot-10.png" width="800px"&gt;&lt;/a&gt;</msg>
<msg time="2024-01-29T10:38:01.806698" level="FAIL">Element with locator 'id=menu-item-signup-login' not found.</msg>
<arg>id=menu-item-signup-login</arg>
<doc>Click the element identified by ``locator``.</doc>
<status status="FAIL" start="2024-01-29T10:38:01.675703" elapsed="0.132995">Element with locator 'id=menu-item-signup-login' not found.</status>
</kw>
<kw name="Input Text" owner="SeleniumLibrary">
<arg>id=username</arg>
<arg>${LOGIN_DETAILS}[username]</arg>
<doc>Types the given ``text`` into the text field identified by ``locator``.</doc>
<status status="NOT RUN" start="2024-01-29T10:38:01.808698" elapsed="0.000000"/>
</kw>
<kw name="Click Link" owner="SeleniumLibrary">
<arg>View Cart</arg>
<doc>Clicks a link identified by ``locator``.</doc>
<status status="NOT RUN" start="2024-01-29T10:38:01.808698" elapsed="0.000000"/>
</kw>
<kw name="Click Link" owner="SeleniumLibrary">
<arg>Proceed To Checkout</arg>
<doc>Clicks a link identified by ``locator``.</doc>
<status status="NOT RUN" start="2024-01-29T10:38:01.808698" elapsed="0.000000"/>
</kw>
<kw name="Input Text" owner="SeleniumLibrary">
<arg>id=password</arg>
<arg>${LOGIN_DETAILS}[password]</arg>
<doc>Types the given ``text`` into the text field identified by ``locator``.</doc>
<status status="NOT RUN" start="2024-01-29T10:38:01.809723" elapsed="0.000000"/>
</kw>
<kw name="Click Button" owner="SeleniumLibrary">
<arg>id=login-button</arg>
<doc>Clicks the button identified by ``locator``.</doc>
<status status="NOT RUN" start="2024-01-29T10:38:01.809723" elapsed="0.000000"/>
</kw>
<kw name="Go To" owner="SeleniumLibrary">
<arg>${URL_TEST}</arg>
<doc>Navigates the current browser window to the provided ``url``.</doc>
<status status="NOT RUN" start="2024-01-29T10:38:01.809723" elapsed="0.000000"/>
</kw>
<kw name="Page Should Contain" owner="SeleniumLibrary">
<arg>${PRODUCT_NAME}</arg>
<doc>Verifies that current page contains ``text``.</doc>
<status status="NOT RUN" start="2024-01-29T10:38:01.809723" elapsed="0.000000"/>
</kw>
<status status="FAIL" start="2024-01-29T10:37:50.190734" elapsed="11.618989">Element with locator 'id=menu-item-signup-login' not found.</status>
</test>
<kw name="Close Browser" owner="SeleniumLibrary" type="TEARDOWN">
<doc>Closes the current browser.</doc>
<status status="PASS" start="2024-01-29T10:38:01.810698" elapsed="2.094001"/>
</kw>
<status status="FAIL" start="2024-01-29T10:37:44.970610" elapsed="18.935091"/>
</suite>
<status status="FAIL" start="2024-01-29T10:37:44.968610" elapsed="18.943087"/>
</suite>
<status status="FAIL" start="2024-01-29T10:37:44.957610" elapsed="18.956086"/>
</suite>
<statistics>
<total>
<stat pass="0" fail="1" skip="0">All Tests</stat>
</total>
<tag>
</tag>
<suite>
<stat pass="0" fail="1" skip="0" id="s1" name="Quiz-Robot-FW">Quiz-Robot-FW</stat>
<stat pass="0" fail="1" skip="0" id="s1-s1" name="Tests">Quiz-Robot-FW.Tests</stat>
<stat pass="0" fail="1" skip="0" id="s1-s1-s1" name="Shop Cart Test">Quiz-Robot-FW.Tests.Shop Cart Test</stat>
</suite>
</statistics>
<errors>
</errors>
</robot>
