<?xml version="1.0" encoding="UTF-8"?>
<robot generator="Robot 7.0 (Python 3.12.1 on win32)" generated="2024-01-29T10:46:34.754049" rpa="false" schemaversion="5">
<suite id="s1" name="Quiz-Robot-FW" source="D:\YedToodYedYed\Quiz-Robot-FW">
<suite id="s1-s1" name="Tests" source="D:\YedToodYedYed\Quiz-Robot-FW\tests">
<suite id="s1-s1-s1" name="Shop Cart Test" source="D:\YedToodYedYed\Quiz-Robot-FW\tests\shop_cart_test.robot">
<kw name="Open Browser" owner="SeleniumLibrary" type="SETUP">
<msg time="2024-01-29T10:46:34.932049" level="INFO">Opening browser 'chrome' to base url 'http://automationexercise.com'.</msg>
<arg>http://automationexercise.com</arg>
<arg>chrome</arg>
<doc>Opens a new browser instance to the optional ``url``.</doc>
<status status="PASS" start="2024-01-29T10:46:34.932049" elapsed="5.122968"/>
</kw>
<test id="s1-s1-s1-t1" name="Test Ecommerce Website" line="13">
<kw name="Go To" owner="SeleniumLibrary">
<msg time="2024-01-29T10:46:40.057016" level="INFO">Opening url 'http://automationexercise.com'</msg>
<arg>http://automationexercise.com</arg>
<doc>Navigates the current browser window to the provided ``url``.</doc>
<status status="PASS" start="2024-01-29T10:46:40.056017" elapsed="1.715151"/>
</kw>
<kw name="Click Element" owner="SeleniumLibrary">
<msg time="2024-01-29T10:46:41.773169" level="INFO">Clicking element 'css=.card_travel'.</msg>
<arg>css=.card_travel</arg>
<doc>Click the element identified by ``locator``.</doc>
<status status="PASS" start="2024-01-29T10:46:41.772169" elapsed="0.053999"/>
</kw>
<kw name="Wait Until Page Contains" owner="SeleniumLibrary">
<arg>All Products</arg>
<doc>Waits until ``text`` appears on the current page.</doc>
<status status="PASS" start="2024-01-29T10:46:41.828168" elapsed="3.438175"/>
</kw>
<kw name="Page Should Contain" owner="SeleniumLibrary">
<msg time="2024-01-29T10:46:45.277342" level="INFO">Current page contains text 'All Products'.</msg>
<arg>All Products</arg>
<doc>Verifies that current page contains ``text``.</doc>
<status status="PASS" start="2024-01-29T10:46:45.266343" elapsed="0.011999"/>
</kw>
<kw name="Input Text" owner="SeleniumLibrary">
<msg time="2024-01-29T10:46:45.278342" level="INFO">Typing text 'Top' into text field 'id=search_product'.</msg>
<arg>id=search_product</arg>
<arg>${PRODUCT_NAME}</arg>
<doc>Types the given ``text`` into the text field identified by ``locator``.</doc>
<status status="PASS" start="2024-01-29T10:46:45.278342" elapsed="0.093001"/>
</kw>
<kw name="Click Button" owner="SeleniumLibrary">
<msg time="2024-01-29T10:46:45.372343" level="INFO">Clicking button 'id=submit_search'.</msg>
<arg>id=submit_search</arg>
<doc>Clicks the button identified by ``locator``.</doc>
<status status="PASS" start="2024-01-29T10:46:45.372343" elapsed="1.399121"/>
</kw>
<kw name="Page Should Contain" owner="SeleniumLibrary">
<msg time="2024-01-29T10:46:46.779464" level="INFO">Current page contains text 'Searched Products'.</msg>
<arg>Searched Products</arg>
<doc>Verifies that current page contains ``text``.</doc>
<status status="PASS" start="2024-01-29T10:46:46.771464" elapsed="0.008000"/>
</kw>
<kw name="Click Element" owner="SeleniumLibrary">
<msg time="2024-01-29T10:46:46.780463" level="INFO">Clicking element 'css=a[data-product-id='1']'.</msg>
<arg>css=a[data-product-id='${PRODUCT_ID}']</arg>
<doc>Click the element identified by ``locator``.</doc>
<status status="PASS" start="2024-01-29T10:46:46.780463" elapsed="0.027001"/>
</kw>
<kw name="Page Should Contain" owner="SeleniumLibrary">
<msg time="2024-01-29T10:46:46.817467" level="INFO">Current page contains text 'Top'.</msg>
<arg>${PRODUCT_NAME}</arg>
<doc>Verifies that current page contains ``text``.</doc>
<status status="PASS" start="2024-01-29T10:46:46.807464" elapsed="0.010003"/>
</kw>
<kw name="Click Element" owner="SeleniumLibrary">
<msg time="2024-01-29T10:46:46.818464" level="INFO">Clicking element 'id=menu-item-signup-login'.</msg>
<msg time="2024-01-29T10:46:46.925464" level="INFO" html="true">&lt;/td&gt;&lt;/tr&gt;&lt;tr&gt;&lt;td colspan="3"&gt;&lt;a href="selenium-screenshot-11.png"&gt;&lt;img src="selenium-screenshot-11.png" width="800px"&gt;&lt;/a&gt;</msg>
<msg time="2024-01-29T10:46:46.925464" level="FAIL">Element with locator 'id=menu-item-signup-login' not found.</msg>
<arg>id=menu-item-signup-login</arg>
<doc>Click the element identified by ``locator``.</doc>
<status status="FAIL" start="2024-01-29T10:46:46.818464" elapsed="0.111005">Element with locator 'id=menu-item-signup-login' not found.</status>
</kw>
<kw name="Input Text" owner="SeleniumLibrary">
<arg>id=username</arg>
<arg>${LOGIN_DETAILS}[username]</arg>
<doc>Types the given ``text`` into the text field identified by ``locator``.</doc>
<status status="NOT RUN" start="2024-01-29T10:46:46.929469" elapsed="0.000000"/>
</kw>
<kw name="Click Link" owner="SeleniumLibrary">
<arg>View Cart</arg>
<doc>Clicks a link identified by ``locator``.</doc>
<status status="NOT RUN" start="2024-01-29T10:46:46.929469" elapsed="0.000998"/>
</kw>
<kw name="Click Link" owner="SeleniumLibrary">
<arg>Proceed To Checkout</arg>
<doc>Clicks a link identified by ``locator``.</doc>
<status status="NOT RUN" start="2024-01-29T10:46:46.930467" elapsed="0.000000"/>
</kw>
<kw name="Input Text" owner="SeleniumLibrary">
<arg>id=password</arg>
<arg>${LOGIN_DETAILS}[password]</arg>
<doc>Types the given ``text`` into the text field identified by ``locator``.</doc>
<status status="NOT RUN" start="2024-01-29T10:46:46.930467" elapsed="0.000000"/>
</kw>
<kw name="Click Button" owner="SeleniumLibrary">
<arg>id=login-button</arg>
<doc>Clicks the button identified by ``locator``.</doc>
<status status="NOT RUN" start="2024-01-29T10:46:46.930467" elapsed="0.000000"/>
</kw>
<kw name="Go To" owner="SeleniumLibrary">
<arg>${URL_TEST}</arg>
<doc>Navigates the current browser window to the provided ``url``.</doc>
<status status="NOT RUN" start="2024-01-29T10:46:46.930467" elapsed="0.000000"/>
</kw>
<kw name="Page Should Contain" owner="SeleniumLibrary">
<arg>${PRODUCT_NAME}</arg>
<doc>Verifies that current page contains ``text``.</doc>
<status status="NOT RUN" start="2024-01-29T10:46:46.930467" elapsed="0.001000"/>
</kw>
<status status="FAIL" start="2024-01-29T10:46:40.056017" elapsed="6.875450">Element with locator 'id=menu-item-signup-login' not found.</status>
</test>
<kw name="Close Browser" owner="SeleniumLibrary" type="TEARDOWN">
<doc>Closes the current browser.</doc>
<status status="PASS" start="2024-01-29T10:46:46.932464" elapsed="2.109050"/>
</kw>
<status status="FAIL" start="2024-01-29T10:46:34.773050" elapsed="14.269463"/>
</suite>
<status status="FAIL" start="2024-01-29T10:46:34.772049" elapsed="14.276461"/>
</suite>
<status status="FAIL" start="2024-01-29T10:46:34.757049" elapsed="14.293462"/>
</suite>
<statistics>
<total>
<stat pass="0" fail="1" skip="0">All Tests</stat>
</total>
<tag>
</tag>
<suite>
<stat pass="0" fail="1" skip="0" id="s1" name="Quiz-Robot-FW">Quiz-Robot-FW</stat>
<stat pass="0" fail="1" skip="0" id="s1-s1" name="Tests">Quiz-Robot-FW.Tests</stat>
<stat pass="0" fail="1" skip="0" id="s1-s1-s1" name="Shop Cart Test">Quiz-Robot-FW.Tests.Shop Cart Test</stat>
</suite>
</statistics>
<errors>
</errors>
</robot>
